<?xml version="1.0" encoding="UTF-8"?>
<!-- Generated by org.testng.reporters.JUnitXMLReporter -->
<testsuite ignored="0" hostname="Priyas-MacBook-Air.local" failures="1" tests="1" name="Submit Order Test" time="5.425" errors="0" timestamp="2025-03-05T18:37:39 EST">
  <testcase classname="rahulshettyacademy.tests.SubmitOrderTest1$SubmitOrderTest" name="submitOrder" time="3.039">
    <failure type="java.lang.NullPointerException" message="Cannot invoke &amp;quot;org.openqa.selenium.WebDriver.findElement(org.openqa.selenium.By)&amp;quot; because &amp;quot;driver&amp;quot; is null">
      <![CDATA[java.lang.NullPointerException: Cannot invoke "org.openqa.selenium.WebDriver.findElement(org.openqa.selenium.By)" because "driver" is null
at org.openqa.selenium.support.ui.ExpectedConditions$7.apply(ExpectedConditions.java:194)
at org.openqa.selenium.support.ui.ExpectedConditions$7.apply(ExpectedConditions.java:190)
at org.openqa.selenium.support.ui.FluentWait.until(FluentWait.java:203)
at rahulshettyacademy.AbstractComponents.AbstractComponent.waitForElementToAppear(AbstractComponent.java:32)
at rahulshettyacademy.pageobjects.ProductCatalogue.getProductsList(ProductCatalogue.java:38)
at rahulshettyacademy.tests.SubmitOrderTest1$SubmitOrderTest.submitOrder(SubmitOrderTest1.java:32)
at java.base/java.util.ArrayList.forEach(ArrayList.java:1597)
... Removed 25 stack frames]]>
    </failure>
  </testcase> <!-- submitOrder -->
</testsuite> <!-- Submit Order Test -->
